c:\users\administrator\desktop\finalexamproject\debug\vc142.pdb
c:\users\administrator\desktop\finalexamproject\debug\vc142.idb
c:\users\administrator\desktop\finalexamproject\debug\main.obj
c:\users\administrator\desktop\finalexamproject\debug\main_nofile.obj
c:\users\administrator\desktop\finalexamproject\debug\source.obj
c:\users\administrator\desktop\finalexamproject\debug\final_exam_project.exe
c:\users\administrator\desktop\finalexamproject\debug\final_exam_project.ilk
c:\users\administrator\desktop\finalexamproject\debug\final_exam_project.pdb
c:\users\administrator\desktop\finalexamproject\debug\final_ex.406ca63e.tlog\cl.command.1.tlog
c:\users\administrator\desktop\finalexamproject\debug\final_ex.406ca63e.tlog\cl.read.1.tlog
c:\users\administrator\desktop\finalexamproject\debug\final_ex.406ca63e.tlog\cl.write.1.tlog
c:\users\administrator\desktop\finalexamproject\debug\final_ex.406ca63e.tlog\link.5352-cvtres.read.1.tlog
c:\users\administrator\desktop\finalexamproject\debug\final_ex.406ca63e.tlog\link.5352-cvtres.write.1.tlog
c:\users\administrator\desktop\finalexamproject\debug\final_ex.406ca63e.tlog\link.5352-rc.read.1.tlog
c:\users\administrator\desktop\finalexamproject\debug\final_ex.406ca63e.tlog\link.5352-rc.write.1.tlog
c:\users\administrator\desktop\finalexamproject\debug\final_ex.406ca63e.tlog\link.5352.read.1.tlog
c:\users\administrator\desktop\finalexamproject\debug\final_ex.406ca63e.tlog\link.5352.write.1.tlog
c:\users\administrator\desktop\finalexamproject\debug\final_ex.406ca63e.tlog\link.command.1.tlog
c:\users\administrator\desktop\finalexamproject\debug\final_ex.406ca63e.tlog\link.read.1.tlog
c:\users\administrator\desktop\finalexamproject\debug\final_ex.406ca63e.tlog\link.write.1.tlog
